<?xml version="1.0" encoding="UTF-8"?>
<!-- Generated by org.testng.reporters.JUnitXMLReporter -->
<testsuite ignored="0" hostname="RealMe-Book" failures="0" tests="10" name="Surefire test" time="23.368" errors="0" timestamp="2025-12-10T22:56:10 IST">
  <testcase classname="api.test.DDTests" name="testPostuser" time="3.495"/>
  <testcase classname="api.test.DDTests" name="testPostuser" time="1.651"/>
  <testcase classname="api.test.DDTests" name="testPostuser" time="2.196"/>
  <testcase classname="api.test.DDTests" name="testDeleteUserByName" time="1.77"/>
  <testcase classname="api.test.DDTests" name="testDeleteUserByName" time="1.868"/>
  <testcase classname="api.test.DDTests" name="testDeleteUserByName" time="2.046"/>
  <testcase classname="api.test.UserTests" name="testCreateUser" time="1.642"/>
  <testcase classname="api.test.UserTests" name="testGetUserByName" time="1.758"/>
  <testcase classname="api.test.UserTests" name="testUpdateUserByName" time="3.625"/>
  <testcase classname="api.test.UserTests" name="testDeleteUserByName" time="1.524"/>
</testsuite> <!-- Surefire test -->
