<?xml version="1.0" encoding="UTF-8"?>
<!-- Generated by org.testng.reporters.JUnitXMLReporter -->
<testsuite ignored="0" hostname="RealMe-Book" failures="0" tests="6" name="Default test" time="12.304" errors="0" timestamp="2025-12-13T11:41:12 IST">
  <testcase classname="api.test.DDTests" name="testPostuser" time="3.335"/>
  <testcase classname="api.test.DDTests" name="testPostuser" time="1.6"/>
  <testcase classname="api.test.DDTests" name="testPostuser" time="1.634"/>
  <testcase classname="api.test.DDTests" name="testDeleteUserByName" time="1.461"/>
  <testcase classname="api.test.DDTests" name="testDeleteUserByName" time="1.546"/>
  <testcase classname="api.test.DDTests" name="testDeleteUserByName" time="1.525"/>
</testsuite> <!-- Default test -->
