<?xml version="1.0" encoding="UTF-8"?>
<!-- Generated by org.testng.reporters.JUnitXMLReporter -->
<testsuite ignored="0" hostname="RealMe-Book" failures="0" tests="10" name="Test" time="19.755" errors="0" timestamp="2025-12-07T19:21:16 IST">
  <testcase classname="api.test.UserTests" name="testPostUser" time="3.751"/>
  <testcase classname="api.test.UserTests" name="testGetUserByName" time="1.449"/>
  <testcase classname="api.test.UserTests" name="testUpdateUserByName" time="2.869"/>
  <testcase classname="api.test.UserTests" name="testDeleteUserByName" time="1.528"/>
  <testcase classname="api.test.DDTests" name="testPostuser" time="1.527"/>
  <testcase classname="api.test.DDTests" name="testPostuser" time="1.388"/>
  <testcase classname="api.test.DDTests" name="testPostuser" time="1.618"/>
  <testcase classname="api.test.DDTests" name="testDeleteUserByName" time="1.298"/>
  <testcase classname="api.test.DDTests" name="testDeleteUserByName" time="1.354"/>
  <testcase classname="api.test.DDTests" name="testDeleteUserByName" time="1.528"/>
</testsuite> <!-- Test -->
