<?xml version="1.0" encoding="UTF-8"?>
<!-- Generated by org.testng.reporters.JUnitXMLReporter -->
<testsuite ignored="0" hostname="RealMe-Book" failures="0" tests="4" name="Test" time="10.523" errors="0" timestamp="2025-12-16T21:26:22 IST">
  <testcase classname="api.test.UserTests" name="testCreateUser" time="3.208"/>
  <testcase classname="api.test.UserTests" name="testGetUserByName" time="2.182"/>
  <testcase classname="api.test.UserTests" name="testUpdateUserByName" time="3.089"/>
  <testcase classname="api.test.UserTests" name="testDeleteUserByName" time="1.535"/>
</testsuite> <!-- Test -->
