<?xml version="1.0" encoding="UTF-8"?>
<!-- Generated by org.testng.reporters.JUnitXMLReporter -->
<testsuite ignored="0" hostname="RealMe-Book" failures="0" tests="4" name="Test" time="11.95" errors="0" timestamp="2025-12-13T22:19:22 IST">
  <testcase classname="api.test.UserTests" name="testCreateUser" time="3.765"/>
  <testcase classname="api.test.UserTests" name="testGetUserByName" time="2.333"/>
  <testcase classname="api.test.UserTests" name="testUpdateUserByName" time="3.538"/>
  <testcase classname="api.test.UserTests" name="testDeleteUserByName" time="1.83"/>
</testsuite> <!-- Test -->
