<?xml version="1.0" encoding="UTF-8"?>
<testng-results ignored="0" total="14" passed="14" failed="0" skipped="0">
  <reporter-output>
  </reporter-output>
  <suite started-at="2025-12-16T21:14:23 IST" name="suite for crud user" finished-at="2025-12-16T21:14:51 IST" duration-ms="27718">
    <groups>
    </groups>
    <test started-at="2025-12-16T21:14:23 IST" name="Test" finished-at="2025-12-16T21:14:51 IST" duration-ms="27718">
      <class name="api.test.UserTests">
        <test-method is-config="true" signature="setupData()[pri:0, instance:api.test.UserTests@21ec5d87]" started-at="2025-12-16T21:14:42 IST" name="setupData" finished-at="2025-12-16T21:14:42 IST" duration-ms="28" status="PASS">
          <reporter-output>
          </reporter-output>
        </test-method> <!-- setupData -->
        <test-method signature="testCreateUser()[pri:1, instance:api.test.UserTests@21ec5d87]" started-at="2025-12-16T21:14:42 IST" name="testCreateUser" finished-at="2025-12-16T21:14:44 IST" duration-ms="2013" status="PASS">
          <reporter-output>
          </reporter-output>
        </test-method> <!-- testCreateUser -->
        <test-method signature="testGetUserByName()[pri:2, instance:api.test.UserTests@21ec5d87]" started-at="2025-12-16T21:14:44 IST" name="testGetUserByName" finished-at="2025-12-16T21:14:46 IST" duration-ms="2727" status="PASS">
          <reporter-output>
          </reporter-output>
        </test-method> <!-- testGetUserByName -->
        <test-method signature="testUpdateUserByName()[pri:3, instance:api.test.UserTests@21ec5d87]" started-at="2025-12-16T21:14:46 IST" name="testUpdateUserByName" finished-at="2025-12-16T21:14:49 IST" duration-ms="2833" status="PASS">
          <reporter-output>
          </reporter-output>
        </test-method> <!-- testUpdateUserByName -->
        <test-method signature="testDeleteUserByName()[pri:4, instance:api.test.UserTests@21ec5d87]" started-at="2025-12-16T21:14:49 IST" name="testDeleteUserByName" finished-at="2025-12-16T21:14:51 IST" duration-ms="1395" status="PASS">
          <reporter-output>
          </reporter-output>
        </test-method> <!-- testDeleteUserByName -->
      </class> <!-- api.test.UserTests -->
      <class name="api.test.UserTests2">
        <test-method is-config="true" signature="setupData()[pri:0, instance:api.test.UserTests2@1eba372c]" started-at="2025-12-16T21:14:34 IST" name="setupData" finished-at="2025-12-16T21:14:34 IST" duration-ms="170" status="PASS">
          <reporter-output>
          </reporter-output>
        </test-method> <!-- setupData -->
        <test-method signature="testCreateUser()[pri:1, instance:api.test.UserTests2@1eba372c]" started-at="2025-12-16T21:14:34 IST" name="testCreateUser" finished-at="2025-12-16T21:14:35 IST" duration-ms="1256" status="PASS">
          <reporter-output>
          </reporter-output>
        </test-method> <!-- testCreateUser -->
        <test-method signature="testGetUserByName()[pri:2, instance:api.test.UserTests2@1eba372c]" started-at="2025-12-16T21:14:35 IST" name="testGetUserByName" finished-at="2025-12-16T21:14:37 IST" duration-ms="1310" status="PASS">
          <reporter-output>
          </reporter-output>
        </test-method> <!-- testGetUserByName -->
        <test-method signature="testUpdateUserByName()[pri:3, instance:api.test.UserTests2@1eba372c]" started-at="2025-12-16T21:14:37 IST" name="testUpdateUserByName" finished-at="2025-12-16T21:14:40 IST" duration-ms="2951" status="PASS">
          <reporter-output>
          </reporter-output>
        </test-method> <!-- testUpdateUserByName -->
        <test-method signature="testDeleteUserByName()[pri:4, instance:api.test.UserTests2@1eba372c]" started-at="2025-12-16T21:14:40 IST" name="testDeleteUserByName" finished-at="2025-12-16T21:14:42 IST" duration-ms="1923" status="PASS">
          <reporter-output>
          </reporter-output>
        </test-method> <!-- testDeleteUserByName -->
      </class> <!-- api.test.UserTests2 -->
      <class name="api.test.DDTests">
        <test-method signature="testPostuser(java.lang.String,java.lang.String,java.lang.String,java.lang.String,java.lang.String,java.lang.String,java.lang.String)[pri:1, instance:api.test.DDTests@1601e47]" started-at="2025-12-16T21:14:24 IST" name="testPostuser" data-provider="Data" finished-at="2025-12-16T21:14:27 IST" duration-ms="2924" status="PASS">
          <params>
            <param index="0">
              <value>
                <![CDATA[1010]]>
              </value>
            </param>
            <param index="1">
              <value>
                <![CDATA[testuser1]]>
              </value>
            </param>
            <param index="2">
              <value>
                <![CDATA[John]]>
              </value>
            </param>
            <param index="3">
              <value>
                <![CDATA[Canedy]]>
              </value>
            </param>
            <param index="4">
              <value>
                <![CDATA[a@gmail.com]]>
              </value>
            </param>
            <param index="5">
              <value>
                <![CDATA[test@1]]>
              </value>
            </param>
            <param index="6">
              <value>
                <![CDATA[1234567890]]>
              </value>
            </param>
          </params>
          <reporter-output>
          </reporter-output>
        </test-method> <!-- testPostuser -->
        <test-method signature="testPostuser(java.lang.String,java.lang.String,java.lang.String,java.lang.String,java.lang.String,java.lang.String,java.lang.String)[pri:1, instance:api.test.DDTests@1601e47]" started-at="2025-12-16T21:14:27 IST" name="testPostuser" data-provider="Data" finished-at="2025-12-16T21:14:28 IST" duration-ms="1379" status="PASS">
          <params>
            <param index="0">
              <value>
                <![CDATA[1020]]>
              </value>
            </param>
            <param index="1">
              <value>
                <![CDATA[testuser2]]>
              </value>
            </param>
            <param index="2">
              <value>
                <![CDATA[Kim]]>
              </value>
            </param>
            <param index="3">
              <value>
                <![CDATA[Kom]]>
              </value>
            </param>
            <param index="4">
              <value>
                <![CDATA[b@gmail.com]]>
              </value>
            </param>
            <param index="5">
              <value>
                <![CDATA[test@2]]>
              </value>
            </param>
            <param index="6">
              <value>
                <![CDATA[1234567890]]>
              </value>
            </param>
          </params>
          <reporter-output>
          </reporter-output>
        </test-method> <!-- testPostuser -->
        <test-method signature="testPostuser(java.lang.String,java.lang.String,java.lang.String,java.lang.String,java.lang.String,java.lang.String,java.lang.String)[pri:1, instance:api.test.DDTests@1601e47]" started-at="2025-12-16T21:14:28 IST" name="testPostuser" data-provider="Data" finished-at="2025-12-16T21:14:30 IST" duration-ms="1370" status="PASS">
          <params>
            <param index="0">
              <value>
                <![CDATA[1030]]>
              </value>
            </param>
            <param index="1">
              <value>
                <![CDATA[testuser4]]>
              </value>
            </param>
            <param index="2">
              <value>
                <![CDATA[Smith]]>
              </value>
            </param>
            <param index="3">
              <value>
                <![CDATA[Steve]]>
              </value>
            </param>
            <param index="4">
              <value>
                <![CDATA[c@gmail.com]]>
              </value>
            </param>
            <param index="5">
              <value>
                <![CDATA[test@3]]>
              </value>
            </param>
            <param index="6">
              <value>
                <![CDATA[1234567890]]>
              </value>
            </param>
          </params>
          <reporter-output>
          </reporter-output>
        </test-method> <!-- testPostuser -->
        <test-method signature="testDeleteUserByName(java.lang.String)[pri:2, instance:api.test.DDTests@1601e47]" started-at="2025-12-16T21:14:30 IST" name="testDeleteUserByName" data-provider="UserNames" finished-at="2025-12-16T21:14:31 IST" duration-ms="1477" status="PASS">
          <params>
            <param index="0">
              <value>
                <![CDATA[testuser1]]>
              </value>
            </param>
          </params>
          <reporter-output>
          </reporter-output>
        </test-method> <!-- testDeleteUserByName -->
        <test-method signature="testDeleteUserByName(java.lang.String)[pri:2, instance:api.test.DDTests@1601e47]" started-at="2025-12-16T21:14:31 IST" name="testDeleteUserByName" data-provider="UserNames" finished-at="2025-12-16T21:14:33 IST" duration-ms="1371" status="PASS">
          <params>
            <param index="0">
              <value>
                <![CDATA[testuser2]]>
              </value>
            </param>
          </params>
          <reporter-output>
          </reporter-output>
        </test-method> <!-- testDeleteUserByName -->
        <test-method signature="testDeleteUserByName(java.lang.String)[pri:2, instance:api.test.DDTests@1601e47]" started-at="2025-12-16T21:14:33 IST" name="testDeleteUserByName" data-provider="UserNames" finished-at="2025-12-16T21:14:34 IST" duration-ms="1276" status="PASS">
          <params>
            <param index="0">
              <value>
                <![CDATA[testuser4]]>
              </value>
            </param>
          </params>
          <reporter-output>
          </reporter-output>
        </test-method> <!-- testDeleteUserByName -->
      </class> <!-- api.test.DDTests -->
    </test> <!-- Test -->
  </suite> <!-- suite for crud user -->
</testng-results>
