<?xml version="1.0" encoding="UTF-8"?>
<testng-results ignored="0" total="4" passed="4" failed="0" skipped="0">
  <reporter-output>
  </reporter-output>
  <suite started-at="2025-12-13T22:19:10 IST" name="suite for crud user" finished-at="2025-12-13T22:19:21 IST" duration-ms="11950">
    <groups>
    </groups>
    <test started-at="2025-12-13T22:19:10 IST" name="Test" finished-at="2025-12-13T22:19:21 IST" duration-ms="11950">
      <class name="api.test.UserTests">
        <test-method is-config="true" signature="setupData()[pri:0, instance:api.test.UserTests@403132fc]" started-at="2025-12-13T22:19:10 IST" name="setupData" finished-at="2025-12-13T22:19:10 IST" duration-ms="260" status="PASS">
          <reporter-output>
          </reporter-output>
        </test-method> <!-- setupData -->
        <test-method signature="testCreateUser()[pri:1, instance:api.test.UserTests@403132fc]" started-at="2025-12-13T22:19:10 IST" name="testCreateUser" finished-at="2025-12-13T22:19:14 IST" duration-ms="3765" status="PASS">
          <reporter-output>
          </reporter-output>
        </test-method> <!-- testCreateUser -->
        <test-method signature="testGetUserByName()[pri:2, instance:api.test.UserTests@403132fc]" started-at="2025-12-13T22:19:14 IST" name="testGetUserByName" finished-at="2025-12-13T22:19:16 IST" duration-ms="2333" status="PASS">
          <reporter-output>
          </reporter-output>
        </test-method> <!-- testGetUserByName -->
        <test-method signature="testUpdateUserByName()[pri:3, instance:api.test.UserTests@403132fc]" started-at="2025-12-13T22:19:16 IST" name="testUpdateUserByName" finished-at="2025-12-13T22:19:20 IST" duration-ms="3538" status="PASS">
          <reporter-output>
          </reporter-output>
        </test-method> <!-- testUpdateUserByName -->
        <test-method signature="testDeleteUserByName()[pri:4, instance:api.test.UserTests@403132fc]" started-at="2025-12-13T22:19:20 IST" name="testDeleteUserByName" finished-at="2025-12-13T22:19:21 IST" duration-ms="1830" status="PASS">
          <reporter-output>
          </reporter-output>
        </test-method> <!-- testDeleteUserByName -->
      </class> <!-- api.test.UserTests -->
    </test> <!-- Test -->
  </suite> <!-- suite for crud user -->
</testng-results>
