<?xml version="1.0" encoding="UTF-8"?>
<!-- Generated by org.testng.reporters.JUnitReportReporter -->
<testsuite hostname="RealMe-Book" failures="0" tests="6" name="api.test.DDTests" time="10.543" errors="0" timestamp="2025-12-13T11:58:27 IST" skipped="0">
  <testcase classname="api.test.DDTests" name="testPostuser" time="3.079"/>
  <testcase classname="api.test.DDTests" name="testPostuser" time="1.619"/>
  <testcase classname="api.test.DDTests" name="testPostuser" time="1.533"/>
  <testcase classname="api.test.DDTests" name="testDeleteUserByName" time="1.431"/>
  <testcase classname="api.test.DDTests" name="testDeleteUserByName" time="1.457"/>
  <testcase classname="api.test.DDTests" name="testDeleteUserByName" time="1.424"/>
</testsuite> <!-- api.test.DDTests -->
