<?xml version="1.0" encoding="UTF-8"?>
<!-- Generated by org.testng.reporters.JUnitReportReporter -->
<testsuite hostname="RealMe-Book" failures="0" tests="4" name="api.test.UserTests2" time="7.440" errors="0" timestamp="2025-12-16T21:14:51 IST" skipped="0">
  <testcase classname="api.test.UserTests2" name="testCreateUser" time="1.256"/>
  <testcase classname="api.test.UserTests2" name="testGetUserByName" time="1.310"/>
  <testcase classname="api.test.UserTests2" name="testUpdateUserByName" time="2.951"/>
  <testcase classname="api.test.UserTests2" name="testDeleteUserByName" time="1.923"/>
</testsuite> <!-- api.test.UserTests2 -->
