<?xml version="1.0" encoding="UTF-8"?>
<!-- Generated by org.testng.reporters.JUnitReportReporter -->
<testsuite hostname="RealMe-Book" failures="0" tests="4" name="api.test.UserTests" time="13.214" errors="0" timestamp="2025-12-16T21:30:37 IST" skipped="0">
  <testcase classname="api.test.UserTests" name="testCreateUser" time="3.441"/>
  <testcase classname="api.test.UserTests" name="testGetUserByName" time="2.753"/>
  <testcase classname="api.test.UserTests" name="testUpdateUserByName" time="4.849"/>
  <testcase classname="api.test.UserTests" name="testDeleteUserByName" time="2.171"/>
</testsuite> <!-- api.test.UserTests -->
