<?xml version="1.0" encoding="UTF-8"?>
<!-- Generated by org.testng.reporters.JUnitReportReporter -->
<testsuite hostname="RealMe-Book" failures="0" tests="6" name="api.test.DDTests" time="9.797" errors="0" timestamp="2025-12-16T21:14:51 IST" skipped="0">
  <testcase classname="api.test.DDTests" name="testPostuser" time="1.370"/>
  <testcase classname="api.test.DDTests" name="testPostuser" time="1.379"/>
  <testcase classname="api.test.DDTests" name="testPostuser" time="2.924"/>
  <testcase classname="api.test.DDTests" name="testDeleteUserByName" time="1.371"/>
  <testcase classname="api.test.DDTests" name="testDeleteUserByName" time="1.477"/>
  <testcase classname="api.test.DDTests" name="testDeleteUserByName" time="1.276"/>
</testsuite> <!-- api.test.DDTests -->
