<?xml version="1.0" encoding="UTF-8"?>
<!-- Generated by org.testng.reporters.JUnitReportReporter -->
<testsuite hostname="RealMe-Book" failures="0" tests="4" name="api.test.UserTests" time="8.968" errors="0" timestamp="2025-12-16T21:14:51 IST" skipped="0">
  <testcase classname="api.test.UserTests" name="testCreateUser" time="2.013"/>
  <testcase classname="api.test.UserTests" name="testGetUserByName" time="2.727"/>
  <testcase classname="api.test.UserTests" name="testUpdateUserByName" time="2.833"/>
  <testcase classname="api.test.UserTests" name="testDeleteUserByName" time="1.395"/>
</testsuite> <!-- api.test.UserTests -->
