<?xml version="1.0" encoding="UTF-8"?>
<!-- Generated by org.testng.reporters.JUnitReportReporter -->
<testsuite hostname="RealMe-Book" failures="0" tests="6" name="api.test.DDTests" time="11.477" errors="0" timestamp="2025-12-11T21:34:45 IST" skipped="0">
  <testcase classname="api.test.DDTests" name="testPostuser" time="2.773"/>
  <system-out/>
  <testcase classname="api.test.DDTests" name="testPostuser" time="1.838"/>
  <system-out/>
  <testcase classname="api.test.DDTests" name="testPostuser" time="1.730"/>
  <system-out/>
  <testcase classname="api.test.DDTests" name="testDeleteUserByName" time="1.553"/>
  <system-out/>
  <testcase classname="api.test.DDTests" name="testDeleteUserByName" time="1.646"/>
  <system-out/>
  <testcase classname="api.test.DDTests" name="testDeleteUserByName" time="1.937"/>
  <system-out/>
</testsuite> <!-- api.test.DDTests -->
