<?xml version="1.0" encoding="UTF-8"?>
<!-- Generated by org.testng.reporters.JUnitReportReporter -->
<testsuite hostname="RealMe-Book" failures="0" tests="4" name="api.test.UserTests" time="11.188" errors="0" timestamp="2025-12-11T21:34:45 IST" skipped="0">
  <testcase classname="api.test.UserTests" name="testCreateUser" time="3.293"/>
  <system-out/>
  <testcase classname="api.test.UserTests" name="testGetUserByName" time="2.168"/>
  <system-out/>
  <testcase classname="api.test.UserTests" name="testUpdateUserByName" time="3.698"/>
  <system-out/>
  <testcase classname="api.test.UserTests" name="testDeleteUserByName" time="2.029"/>
  <system-out/>
</testsuite> <!-- api.test.UserTests -->
