<?xml version="1.0" encoding="UTF-8"?>
<!-- Generated by org.testng.reporters.JUnitXMLReporter -->
<testsuite ignored="0" hostname="RealMe-Book" failures="0" tests="10" name="Test" time="20.945" errors="0" timestamp="2025-12-07T19:23:46 IST">
  <testcase classname="api.test.UserTests" name="testPostUser" time="3.647"/>
  <testcase classname="api.test.UserTests" name="testGetUserByName" time="1.683"/>
  <testcase classname="api.test.UserTests" name="testUpdateUserByName" time="2.929"/>
  <testcase classname="api.test.UserTests" name="testDeleteUserByName" time="1.482"/>
  <testcase classname="api.test.DDTests" name="testPostuser" time="1.447"/>
  <testcase classname="api.test.DDTests" name="testPostuser" time="1.733"/>
  <testcase classname="api.test.DDTests" name="testPostuser" time="1.84"/>
  <testcase classname="api.test.DDTests" name="testDeleteUserByName" time="1.539"/>
  <testcase classname="api.test.DDTests" name="testDeleteUserByName" time="1.428"/>
  <testcase classname="api.test.DDTests" name="testDeleteUserByName" time="1.638"/>
</testsuite> <!-- Test -->
