<?xml version="1.0" encoding="UTF-8"?>
<!-- Generated by org.testng.reporters.JUnitXMLReporter -->
<testsuite ignored="0" hostname="RealMe-Book" failures="2" tests="14" name="Test" time="34.767" errors="0" timestamp="2025-12-11T21:34:45 IST">
  <testcase classname="api.test.UserTests" name="testCreateUser" time="3.293"/>
  <testcase classname="api.test.UserTests" name="testGetUserByName" time="2.168"/>
  <testcase classname="api.test.UserTests" name="testUpdateUserByName" time="3.698"/>
  <testcase classname="api.test.UserTests" name="testDeleteUserByName" time="2.029"/>
  <testcase classname="api.test.DDTests" name="testPostuser" time="2.773"/>
  <testcase classname="api.test.DDTests" name="testPostuser" time="1.838"/>
  <testcase classname="api.test.DDTests" name="testPostuser" time="1.73"/>
  <testcase classname="api.test.DDTests" name="testDeleteUserByName" time="1.553"/>
  <testcase classname="api.test.DDTests" name="testDeleteUserByName" time="1.937"/>
  <testcase classname="api.test.DDTests" name="testDeleteUserByName" time="1.646"/>
  <testcase classname="api.test.UserTests2" name="testCreateUser" time="2.428"/>
  <testcase classname="api.test.UserTests2" name="testGetUserByName" time="1.728"/>
  <testcase classname="api.test.UserTests2" name="testUpdateUserByName" time="4.428">
    <failure type="java.lang.AssertionError" message="expected [201] but found [200]">
      <![CDATA[java.lang.AssertionError: expected [201] but found [200]
at api.test.UserTests2.testUpdateUserByName(UserTests2.java:84)
at java.base/java.util.ArrayList.forEach(ArrayList.java:1511)
... Removed 38 stack frames]]>
    </failure>
  </testcase> <!-- testUpdateUserByName -->
  <testcase classname="api.test.UserTests2" name="testDeleteUserByName" time="1.699">
    <failure type="java.lang.AssertionError" message="expected [201] but found [200]">
      <![CDATA[java.lang.AssertionError: expected [201] but found [200]
at api.test.UserTests2.testDeleteUserByName(UserTests2.java:92)
at java.base/java.util.ArrayList.forEach(ArrayList.java:1511)
... Removed 38 stack frames]]>
    </failure>
  </testcase> <!-- testDeleteUserByName -->
</testsuite> <!-- Test -->
